\BOOKMARK [1][-]{section.1}{System's Perspective}{}% 1
\BOOKMARK [2][-]{subsection.1.1}{Design of the system}{section.1}% 2
\BOOKMARK [2][-]{subsection.1.2}{Architecture of the system}{section.1}% 3
\BOOKMARK [2][-]{subsection.1.3}{Dependencies}{section.1}% 4
\BOOKMARK [3][-]{subsubsection.1.3.1}{Software dependencies}{subsection.1.3}% 5
\BOOKMARK [3][-]{subsubsection.1.3.2}{Cloud dependencies}{subsection.1.3}% 6
\BOOKMARK [3][-]{subsubsection.1.3.3}{Important interactions of subsystems}{subsection.1.3}% 7
\BOOKMARK [2][-]{subsection.1.4}{Current state of the system}{section.1}% 8
\BOOKMARK [2][-]{subsection.1.5}{Licenses and compatibility}{section.1}% 9
\BOOKMARK [1][-]{section.2}{Process perspective}{}% 10
\BOOKMARK [2][-]{subsection.2.1}{Interactions between developers}{section.2}% 11
\BOOKMARK [2][-]{subsection.2.2}{Team organization}{section.2}% 12
\BOOKMARK [2][-]{subsection.2.3}{Description of CI/CD pipelines, stages and tools}{section.2}% 13
\BOOKMARK [2][-]{subsection.2.4}{Repository arrangement/organization}{section.2}% 14
\BOOKMARK [2][-]{subsection.2.5}{Applied Branching Strategy}{section.2}% 15
\BOOKMARK [2][-]{subsection.2.6}{Applied development process and related tools}{section.2}% 16
\BOOKMARK [3][-]{subsubsection.2.6.1}{Simple Kanban board}{subsection.2.6}% 17
\BOOKMARK [2][-]{subsection.2.7}{Monitoring}{section.2}% 18
\BOOKMARK [2][-]{subsection.2.8}{Logging and log aggregation}{section.2}% 19
\BOOKMARK [2][-]{subsection.2.9}{Brief security assessment}{section.2}% 20
\BOOKMARK [2][-]{subsection.2.10}{Applied scaling and load balancing strategy}{section.2}% 21
\BOOKMARK [1][-]{section.3}{Lessons learned perspective}{}% 22
\BOOKMARK [2][-]{subsection.3.1}{Evolution and refactoring}{section.3}% 23
\BOOKMARK [2][-]{subsection.3.2}{Operation}{section.3}% 24
\BOOKMARK [2][-]{subsection.3.3}{Maintenance}{section.3}% 25
